1565089408592	mozrunner::runner	INFO	Running command: "C:\\Program Files\\Mozilla Firefox\\firefox.exe" "-marionette" "-foreground" "-no-remote" "-profile" "C:\\Users\\hi\\AppData\\Local\\Temp\\rust_mozprofile.s4Hgnx2JnpT0"
1565089418751	addons.webextension.screenshots@mozilla.org	WARN	Loading extension 'screenshots@mozilla.org': Reading manifest: Invalid extension permission: mozillaAddons
1565089418751	addons.webextension.screenshots@mozilla.org	WARN	Loading extension 'screenshots@mozilla.org': Reading manifest: Invalid extension permission: telemetry
1565089418752	addons.webextension.screenshots@mozilla.org	WARN	Loading extension 'screenshots@mozilla.org': Reading manifest: Invalid extension permission: resource://pdf.js/
1565089418767	addons.webextension.screenshots@mozilla.org	WARN	Loading extension 'screenshots@mozilla.org': Reading manifest: Invalid extension permission: about:reader*
1565089419092	Marionette	TRACE	Received observer notification profile-after-change
1565089421578	Marionette	TRACE	Received observer notification toplevel-window-ready
1565089422213	Marionette	TRACE	Received observer notification command-line-startup
1565089422214	Marionette	TRACE	Received observer notification nsPref:changed
1565089422214	Marionette	DEBUG	Init aborted (running=false, enabled=true, finalUIStartup=false)
1565089426159	Marionette	TRACE	Received observer notification toplevel-window-ready
1565089448070	Marionette	TRACE	Received observer notification marionette-startup-requested
1565089448071	Marionette	TRACE	Waiting until startup recorder finished recording startup scripts...
1565089448456	Marionette	TRACE	All scripts recorded.
1565089448456	Marionette	DEBUG	Setting recommended pref apz.content_response_timeout to 60000
1565089448457	Marionette	DEBUG	Setting recommended pref browser.contentblocking.introCount to 99
1565089448457	Marionette	DEBUG	Setting recommended pref browser.download.panel.shown to true
1565089448457	Marionette	DEBUG	Setting recommended pref browser.newtabpage.enabled to false
1565089448457	Marionette	DEBUG	Setting recommended pref browser.pagethumbnails.capturing_disabled to true
1565089448458	Marionette	DEBUG	Setting recommended pref browser.search.update to false
1565089448458	Marionette	DEBUG	Setting recommended pref browser.tabs.disableBackgroundZombification to false
1565089448458	Marionette	DEBUG	Setting recommended pref browser.tabs.remote.separatePrivilegedContentProcess to false
1565089448459	Marionette	DEBUG	Setting recommended pref browser.tabs.unloadOnLowMemory to false
1565089448459	Marionette	DEBUG	Setting recommended pref browser.tabs.warnOnCloseOtherTabs to false
1565089448459	Marionette	DEBUG	Setting recommended pref browser.tabs.warnOnOpen to false
1565089448459	Marionette	DEBUG	Setting recommended pref browser.usedOnWindows10.introURL to 
1565089448459	Marionette	DEBUG	Setting recommended pref browser.urlbar.suggest.searches to false
1565089448460	Marionette	DEBUG	Setting recommended pref datareporting.policy.dataSubmissionPolicyAccepted to false
1565089448460	Marionette	DEBUG	Setting recommended pref dom.disable_beforeunload to true
1565089448460	Marionette	DEBUG	Setting recommended pref dom.disable_open_during_load to false
1565089448460	Marionette	DEBUG	Setting recommended pref dom.file.createInChild to true
1565089448460	Marionette	DEBUG	Setting recommended pref dom.max_chrome_script_run_time to 0
1565089448461	Marionette	DEBUG	Setting recommended pref dom.max_script_run_time to 0
1565089448461	Marionette	DEBUG	Setting recommended pref extensions.getAddons.cache.enabled to false
1565089448462	Marionette	DEBUG	Setting recommended pref extensions.webservice.discoverURL to http://%(server)s/dummy/discoveryURL
1565089448462	Marionette	DEBUG	Setting recommended pref network.http.prompt-temp-redirect to false
1565089448462	Marionette	DEBUG	Setting recommended pref network.http.speculative-parallel-limit to 0
1565089448462	Marionette	DEBUG	Setting recommended pref security.certerrors.mitm.priming.enabled to false
1565089448463	Marionette	DEBUG	Setting recommended pref security.fileuri.strict_origin_policy to false
1565089448464	Marionette	DEBUG	Setting recommended pref security.notification_enable_delay to 0
1565089448464	Marionette	DEBUG	Setting recommended pref signon.autofillForms to false
1565089448464	Marionette	DEBUG	Setting recommended pref signon.rememberSignons to false
1565089448465	Marionette	DEBUG	Setting recommended pref toolkit.cosmeticAnimations.enabled to false
1565089449789	Marionette	INFO	Listening on port 57023
1565089449790	Marionette	DEBUG	Remote service is active
1565089450240	Marionette	DEBUG	Accepted connection 0 from 127.0.0.1:57137
1565089450293	Marionette	DEBUG	0 -> [0,1,"WebDriver:NewSession",{"acceptInsecureCerts":true,"browserName":"firefox"}]
1565089450294	Marionette	WARN	TLS certificate errors will be ignored for this session
1565089450451	Marionette	TRACE	[6442450945] Frame script loaded
1565089450453	Marionette	TRACE	[6442450945] Frame script registered
1565089450603	Marionette	DEBUG	0 <- [1,1,null,{"sessionId":"ece0c3f6-ed80-4437-abaf-b56120a6dee8","capabilities":{"browserName":"firefox","browserVersion":"68.0. ... ozprofile.s4Hgnx2JnpT0","moz:shutdownTimeout":60000,"moz:useNonSpecCompliantPointerOrigin":false,"moz:webdriverClick":true}}]
1565089451793	Marionette	DEBUG	0 -> [0,2,"WebDriver:Navigate",{"url":"https://list.jd.com/list.html?cat=737,794,798"}]
1565089451808	Marionette	TRACE	[6442450945] Received DOM event beforeunload for about:blank
1565089452720	Marionette	TRACE	[6442450945] Received DOM event pagehide for about:blank
console.error: BroadcastService: 
  receivedBroadcastMessage: handler for
  remote-settings/monitor_changes
  threw error:
  Message: Error: Polling for changes failed: http://%(server)s/dummy/blocklist//buckets/monitor/collections/changes/records?_expected=%221565036234063%22 is not a valid URL..
  Stack:
    remoteSettingsFunction/remoteSettings.pollChanges@resource://services-settings/remote-settings.js:201:13

1565089459306	Marionette	TRACE	[6442450945] Received DOM event DOMContentLoaded for https://list.jd.com/list.html?cat=737,794,798
1565089468083	Marionette	TRACE	[6442450945] Received DOM event pageshow for https://list.jd.com/list.html?cat=737,794,798
1565089468085	Marionette	DEBUG	0 <- [1,2,null,{"value":null}]
1565089468092	Marionette	DEBUG	0 -> [0,3,"WebDriver:GetPageSource",{}]
1565089468125	Marionette	DEBUG	0 <- [1,3,null,{"value":"<html class=\"\" lang=\"zh-CN\"><head><script async=\"\" src=\"https://d.jd.com/lab/get?callback=lab\"></ ... =\"//jcm.jd.com/pre\" width=\"1\" height=\"1\">\n    \n\n<script src=\"//payrisk.jd.com/js/td.js\"></script></body></html>"}]
1565089468827	Marionette	DEBUG	Closed connection 0
1565089519932	mozrunner::runner	INFO	Running command: "C:\\Program Files\\Mozilla Firefox\\firefox.exe" "-marionette" "-foreground" "-no-remote" "-profile" "C:\\Users\\hi\\AppData\\Local\\Temp\\rust_mozprofile.t1ZZUGApBMmK"
ipc/chromium/src/base/process_util_win.cc, line 160
1565089518780	Marionette	TRACE	Received observer notification xpcom-will-shutdown
1565089518780	Marionette	DEBUG	Resetting recommended pref apz.content_response_timeout
1565089518781	Marionette	DEBUG	Resetting recommended pref browser.contentblocking.introCount
1565089518781	Marionette	DEBUG	Resetting recommended pref browser.download.panel.shown
1565089518781	Marionette	DEBUG	Resetting recommended pref browser.newtabpage.enabled
1565089518781	Marionette	DEBUG	Resetting recommended pref browser.pagethumbnails.capturing_disabled
1565089518781	Marionette	DEBUG	Resetting recommended pref browser.search.update
1565089518781	Marionette	DEBUG	Resetting recommended pref browser.tabs.disableBackgroundZombification
1565089518782	Marionette	DEBUG	Resetting recommended pref browser.tabs.remote.separatePrivilegedContentProcess
1565089518782	Marionette	DEBUG	Resetting recommended pref browser.tabs.unloadOnLowMemory
1565089518782	Marionette	DEBUG	Resetting recommended pref browser.tabs.warnOnCloseOtherTabs
1565089518782	Marionette	DEBUG	Resetting recommended pref browser.tabs.warnOnOpen
1565089518783	Marionette	DEBUG	Resetting recommended pref browser.usedOnWindows10.introURL
1565089518783	Marionette	DEBUG	Resetting recommended pref browser.urlbar.suggest.searches
1565089518783	Marionette	DEBUG	Resetting recommended pref datareporting.policy.dataSubmissionPolicyAccepted
1565089518783	Marionette	DEBUG	Resetting recommended pref dom.disable_beforeunload
1565089518783	Marionette	DEBUG	Resetting recommended pref dom.disable_open_during_load
1565089518784	Marionette	DEBUG	Resetting recommended pref dom.file.createInChild
1565089518784	Marionette	DEBUG	Resetting recommended pref dom.max_chrome_script_run_time
1565089518784	Marionette	DEBUG	Resetting recommended pref dom.max_script_run_time
1565089518785	Marionette	DEBUG	Resetting recommended pref extensions.getAddons.cache.enabled
1565089518785	Marionette	DEBUG	Resetting recommended pref extensions.webservice.discoverURL
1565089518786	Marionette	DEBUG	Resetting recommended pref network.http.prompt-temp-redirect
1565089518786	Marionette	DEBUG	Resetting recommended pref network.http.speculative-parallel-limit
1565089518786	Marionette	DEBUG	Resetting recommended pref security.certerrors.mitm.priming.enabled
1565089518786	Marionette	DEBUG	Resetting recommended pref security.fileuri.strict_origin_policy
1565089518786	Marionette	DEBUG	Resetting recommended pref security.notification_enable_delay
1565089518786	Marionette	DEBUG	Resetting recommended pref signon.autofillForms
1565089518787	Marionette	DEBUG	Resetting recommended pref signon.rememberSignons
1565089518787	Marionette	DEBUG	Resetting recommended pref toolkit.cosmeticAnimations.enabled
1565089518788	Marionette	INFO	Stopped listening on port 57023
1565089518788	Marionette	DEBUG	Remote service is inactive
[GPU 12980, Chro
###!!! [Child][MessageChannel::SendAndWait] Error: Channel error: cannot send/recv

