1551406664010	mozrunner::runner	INFO	Running command: "C:\\Program Files\\Mozilla Firefox\\firefox.exe" "-marionette" "-foreground" "-no-remote" "-profile" "C:\\Users\\hi\\AppData\\Local\\Temp\\rust_mozprofile.YoyGdbuY2ldF"
1551406676964	addons.webextension.screenshots@mozilla.org	WARN	Loading extension 'screenshots@mozilla.org': Reading manifest: Invalid host permission: resource://pdf.js/
1551406676974	addons.webextension.screenshots@mozilla.org	WARN	Loading extension 'screenshots@mozilla.org': Reading manifest: Invalid host permission: about:reader*
1551406677527	Marionette	TRACE	Received observer notification profile-after-change
1551406680550	Marionette	TRACE	Received observer notification toplevel-window-ready
1551406682181	Marionette	TRACE	Received observer notification command-line-startup
1551406682182	Marionette	TRACE	Received observer notification nsPref:changed
1551406682182	Marionette	DEBUG	Init aborted (running=false, enabled=true, finalUIStartup=false)
1551406686304	Marionette	TRACE	Received observer notification toplevel-window-ready
IPDL protocol error: Handler returned error code!

###!!! [Parent][DispatchAsyncMessage] Error: PLayerTransaction::Msg_ReleaseLayer Processing error: message was deserialized, but the handler returned false (indicating failure)

IPDL protocol error: Handler returned error code!

###!!! [Parent][DispatchAsyncMessage] Error: PLayerTransaction::Msg_ReleaseLayer Processing error: message was deserialized, but the handler returned false (indicating failure)

IPDL protocol error: Handler returned error code!

###!!! [Parent][DispatchAsyncMessage] Error: PLayerTransaction::Msg_ReleaseLayer Processing error: message was deserialized, but the handler returned false (indicating failure)

IPDL protocol error: Handler returned error code!

###!!! [Parent][DispatchAsyncMessage] Error: PLayerTransaction::Msg_ReleaseLayer Processing error: message was deserialized, but the handler returned false (indicating failure)

IPDL protocol error: Handler returned error code!

###!!! [Parent][DispatchAsyncMessage] Error: PLayerTransaction::Msg_ReleaseLayer Processing error: message was deserialized, but the handler returned false (indicating failure)


###!!! [Parent][RunMessage] Error: Channel error: cannot send/recv


###!!! [Parent][RunMessage] Error: Channel error: cannot send/recv


###!!! [Parent][MessageChannel] Error: (msgtype=0x350046,name=PContent::Msg_LoadProcessScript) Channel error: cannot send/recv


###!!! [Parent][RunMessage] Error: Channel error: cannot send/recv


###!!! [Parent][RunMessage] Error: Channel error: cannot send/recv


###!!! [Parent][RunMessage] Error: Channel error: cannot send/recv


###!!! [Parent][MessageChannel] Error: (msgtype=0x350065,name=PContent::Msg_SuspendInputEventQueue) Channel error: cannot send/recv


###!!! [Parent][MessageChannel] Error: (msgtype=0x350063,name=PContent::Msg_FlushInputEventQueue) Channel error: cannot send/recv


###!!! [Parent][MessageChannel] Error: (msgtype=0x350064,name=PContent::Msg_ResumeInputEventQueue) Channel error: cannot send/recv


###!!! [Parent][MessageChannel] Error: (msgtype=0x350045,name=PContent::Msg_Shutdown) Channel error: cannot send/recv


###!!! [Parent][MessageChannel] Error: (msgtype=0x350059,name=PContent::Msg_ProvideAnonymousTemporaryFile) Channel error: cannot send/recv

A content process crashed and MOZ_CRASHREPORTER_SHUTDOWN is set, shutting down
Exiting due to channel error.
1551406804375	mozrunner::runner	INFO	Running command: "C:\\Program Files\\Mozilla Firefox\\firefox.exe" "-marionette" "-foreground" "-no-remote" "-profile" "C:\\Users\\hi\\AppData\\Local\\Temp\\rust_mozprofile.9sBoF8yzzb6H"
1551406806424	addons.webextension.screenshots@mozilla.org	WARN	Loading extension 'screenshots@mozilla.org': Reading manifest: Invalid host permission: resource://pdf.js/
1551406806424	addons.webextension.screenshots@mozilla.org	WARN	Loading extension 'screenshots@mozilla.org': Reading manifest: Invalid host permission: about:reader*
1551406806616	Marionette	TRACE	Received observer notification profile-after-change
1551406807108	Marionette	TRACE	Received observer notification toplevel-window-ready
1551406807171	Marionette	TRACE	Received observer notification command-line-startup
1551406807171	Marionette	TRACE	Received observer notification nsPref:changed
1551406807171	Marionette	DEBUG	Init aborted (running=false, enabled=true, finalUIStartup=false)
1551406808014	Marionette	TRACE	Received observer notification toplevel-window-ready
1551406814577	Marionette	TRACE	Received observer notification sessionstore-windows-restored
1551406814578	Marionette	TRACE	GFX sanity window detected, waiting until it has been closed...
1551406815827	Marionette	TRACE	Received observer notification domwindowclosed
1551406815827	Marionette	TRACE	Waiting until startup recorder finished recording startup scripts...
[Child 13136, Chrome_ChildThread] WARNING: pipe error: 109: file z:/build/build/src/ipc/chromium/src/chrome/common/ipc_channel_win.cc, line 332
[Child 13136, Chrome_ChildThread] WARNING: pipe error: 109: file z:/build/build/src/ipc/chromium/src/chrome/common/ipc_channel_win.cc, line 332
[Parent 12312, Gecko_IOThread] WARNING: file z:/build/build/src/ipc/chromium/src/base/process_util_win.cc, line 166
1551406825091	Marionette	TRACE	All scripts recorded.
1551406825091	Marionette	DEBUG	Setting recommended pref apz.content_response_timeout to 60000
1551406825091	Marionette	DEBUG	Setting recommended pref browser.contentblocking.introCount to 99
1551406825092	Marionette	DEBUG	Setting recommended pref browser.download.panel.shown to true
1551406825092	Marionette	DEBUG	Setting recommended pref browser.newtabpage.enabled to false
1551406825092	Marionette	DEBUG	Setting recommended pref browser.pagethumbnails.capturing_disabled to true
1551406825093	Marionette	DEBUG	Setting recommended pref browser.search.update to false
1551406825093	Marionette	DEBUG	Setting recommended pref browser.tabs.disableBackgroundZombification to false
1551406825093	Marionette	DEBUG	Setting recommended pref browser.tabs.warnOnCloseOtherTabs to false
1551406825093	Marionette	DEBUG	Setting recommended pref browser.tabs.warnOnOpen to false
1551406825094	Marionette	DEBUG	Setting recommended pref browser.usedOnWindows10.introURL to 
1551406825094	Marionette	DEBUG	Setting recommended pref browser.urlbar.suggest.searches to false
1551406825094	Marionette	DEBUG	Setting recommended pref datareporting.policy.dataSubmissionPolicyAccepted to false
1551406825094	Marionette	DEBUG	Setting recommended pref dom.disable_beforeunload to true
1551406825095	Marionette	DEBUG	Setting recommended pref dom.disable_open_during_load to false
1551406825095	Marionette	DEBUG	Setting recommended pref dom.file.createInChild to true
1551406825095	Marionette	DEBUG	Setting recommended pref dom.max_chrome_script_run_time to 0
1551406825095	Marionette	DEBUG	Setting recommended pref dom.max_script_run_time to 0
1551406825095	Marionette	DEBUG	Setting recommended pref extensions.getAddons.cache.enabled to false
1551406825095	Marionette	DEBUG	Setting recommended pref extensions.webservice.discoverURL to http://%(server)s/dummy/discoveryURL
1551406825096	Marionette	DEBUG	Setting recommended pref network.http.prompt-temp-redirect to false
1551406825096	Marionette	DEBUG	Setting recommended pref network.http.speculative-parallel-limit to 0
1551406825096	Marionette	DEBUG	Setting recommended pref security.fileuri.strict_origin_policy to false
1551406825096	Marionette	DEBUG	Setting recommended pref security.notification_enable_delay to 0
1551406825096	Marionette	DEBUG	Setting recommended pref signon.autofillForms to false
1551406825097	Marionette	DEBUG	Setting recommended pref signon.rememberSignons to false
1551406825097	Marionette	DEBUG	Setting recommended pref toolkit.cosmeticAnimations.enabled to false
1551406825359	Marionette	INFO	Listening on port 5952
1551406825359	Marionette	DEBUG	Remote service is active
1551406825849	Marionette	DEBUG	Accepted connection 0 from 127.0.0.1:6001
1551406825851	Marionette	DEBUG	0 -> [0,1,"WebDriver:NewSession",{"acceptInsecureCerts":true,"browserName":"firefox"}]
1551406825852	Marionette	WARN	TLS certificate errors will be ignored for this session
1551406825924	Marionette	TRACE	[6442450945] Frame script loaded
1551406825925	Marionette	TRACE	[6442450945] Frame script registered
1551406825994	Marionette	DEBUG	0 <- [1,1,null,{"sessionId":"f07a6a12-e634-429c-b7f9-858650539b61","capabilities":{"browserName":"firefox","browserVersion":"65.0. ... ozprofile.9sBoF8yzzb6H","moz:shutdownTimeout":60000,"moz:useNonSpecCompliantPointerOrigin":false,"moz:webdriverClick":true}}]
1551406826001	Marionette	DEBUG	0 -> [0,2,"WebDriver:Navigate",{"url":"https://bj.5i5j.com/ershoufang/n1/"}]
1551406826010	Marionette	TRACE	[6442450945] Received DOM event beforeunload for about:blank
1551406826737	Marionette	TRACE	[6442450945] Received DOM event pagehide for about:blank
1551406826742	Marionette	TRACE	[6442450945] Received DOM event beforeunload for https://bj.5i5j.com/ershoufang/n1/
1551406826743	Marionette	TRACE	[6442450945] Received DOM event pageshow for https://bj.5i5j.com/ershoufang/n1/
1551406827024	Marionette	TRACE	[6442450945] Received DOM event DOMContentLoaded for https://bj.5i5j.com/ershoufang/n1/
1551406829346	Marionette	TRACE	[6442450945] Received DOM event unload for https://bj.5i5j.com/ershoufang/n1/
JavaScript warning: https://res.5i5j.com/pc/common/jquery-1.10.2.min.js, line 1: Using //@ to indicate sourceMappingURL pragmas is deprecated. Use //# instead
1551406841938	Marionette	TRACE	[6442450945] Received DOM event DOMContentLoaded for https://bj.5i5j.com/ershoufang/n1/?wscckey=f4e3bb4f503e79fb_1551406826
console.error: BroadcastService: 
  receivedBroadcastMessage: handler for
  remote-settings/monitor_changes
  threw error:
  Message: Error: Polling for changes failed: NetworkError when attempting to fetch resource..
  Stack:
    remoteSettingsFunction/remoteSettings.pollChanges@resource://services-settings/remote-settings.js:188:13

1551406844186	Marionette	TRACE	[6442450945] Received DOM event pageshow for https://bj.5i5j.com/ershoufang/n1/?wscckey=f4e3bb4f503e79fb_1551406826
1551406844189	Marionette	DEBUG	0 <- [1,2,null,{"value":null}]
1551406844198	Marionette	DEBUG	0 -> [0,3,"WebDriver:CloseWindow",{}]
1551406844199	Marionette	DEBUG	0 <- [1,3,null,[]]
1551406844206	Marionette	DEBUG	0 -> [0,4,"Marionette:Quit",{"flags":["eForceQuit"]}]
1551406844207	Marionette	INFO	Stopped listening on port 5952
1551406844288	Marionette	DEBUG	0 <- [1,4,null,{"cause":"shutdown"}]
[Child 1768, Chrome_ChildThread] WARNING: pipe error: 109: file z:/build/build/src/ipc/chromium/src/chrome/common/ipc_channel_win.cc, line 332
[Parent 12312, Gecko_IOThread] WARNING: file z:/build/build/src/ipc/chromium/src/base/process_util_win.cc, line 166
[Parent 12312, 1551406844581	Marionette	DEBUG	Closed connection 0G
ecko_IOThread] WARNING: file z:/build/build/src/ipc/chromium/src/base/process_util_win.cc, line 166
1551406846044	Marionette	TRACE	Received observer notification xpcom-will-shutdown
1551406846044	Marionette	DEBUG	Resetting recommended pref apz.content_response_timeout
1551406846045	Marionette	DEBUG	Resetting recommended pref browser.contentblocking.introCount
1551406846046	Marionette	DEBUG	Resetting recommended pref browser.download.panel.shown
1551406846047	Marionette	DEBUG	Resetting recommended pref browser.newtabpage.enabled
1551406846048	Marionette	DEBUG	Resetting recommended pref browser.pagethumbnails.capturing_disabled
1551406846048	Marionette	DEBUG	Resetting recommended pref browser.search.update
1551406846048	Marionette	DEBUG	Resetting recommended pref browser.tabs.disableBackgroundZombification
1551406846049	Marionette	DEBUG	Resetting recommended pref browser.tabs.warnOnCloseOtherTabs
1551406846049	Marionette	DEBUG	Resetting recommended pref browser.tabs.warnOnOpen
1551406846050	Marionette	DEBUG	Resetting recommended pref browser.usedOnWindows10.introURL
1551406846050	Marionette	DEBUG	Resetting recommended pref browser.urlbar.suggest.searches
1551406846053	Marionette	DEBUG	Resetting recommended pref datareporting.policy.dataSubmissionPolicyAccepted
1551406846053	Marionette	DEBUG	Resetting recommended pref dom.disable_beforeunload
1551406846053	Marionette	DEBUG	Resetting recommended pref dom.disable_open_during_load
1551406846054	Marionette	DEBUG	Resetting recommended pref dom.file.createInChild
1551406846054	Marionette	DEBUG	Resetting recommended pref dom.max_chrome_script_run_time
1551406846054	Marionette	DEBUG	Resetting recommended pref dom.max_script_run_time
1551406846055	Marionette	DEBUG	Resetting recommended pref extensions.getAddons.cache.enabled
1551406846055	Marionette	DEBUG	Resetting recommended pref extensions.webservice.discoverURL
1551406846056	Marionette	DEBUG	Resetting recommended pref network.http.prompt-temp-redirect
1551406846056	Marionette	DEBUG	Resetting recommended pref network.http.speculative-parallel-limit
1551406846056	Marionette	DEBUG	Resetting recommended pref security.fileuri.strict_origin_policy
1551406846056	Marionette	DEBUG	Resetting recommended pref security.notification_enable_delay
1551406846056	Marionette	DEBUG	Resetting recommended pref signon.autofillForms
1551406846057	Marionette	DEBUG	Resetting recommended pref signon.rememberSignons
1551406846057	Marionette	DEBUG	Resetting recommended pref toolkit.cosmeticAnimations.enabled
1551406846058	Marionette	DEBUG	Remote service is inactive

###!!! [Child][RunMessage] Error: Channel closing: too late to send/recv, messages will be lost


###!!! [Child][MessageChannel::SendAndWait] Error: Channel error: cannot send/recv

1551406864296	mozrunner::runner	INFO	Running command: "C:\\Program Files\\Mozilla Firefox\\firefox.exe" "-marionette" "-foreground" "-no-remote" "-profile" "C:\\Users\\hi\\AppData\\Local\\Temp\\rust_mozprofile.TcTlj4tPM8Yv"
1551406865313	addons.webextension.screenshots@mozilla.org	WARN	Loading extension 'screenshots@mozilla.org': Reading manifest: Invalid host permission: resource://pdf.js/
1551406865313	addons.webextension.screenshots@mozilla.org	WARN	Loading extension 'screenshots@mozilla.org': Reading manifest: Invalid host permission: about:reader*
1551406865462	Marionette	TRACE	Received observer notification profile-after-change
1551406865862	Marionette	TRACE	Received observer notification toplevel-window-ready
1551406865917	Marionette	TRACE	Received observer notification command-line-startup
1551406865918	Marionette	TRACE	Received observer notification nsPref:changed
1551406865918	Marionette	DEBUG	Init aborted (running=false, enabled=true, finalUIStartup=false)
1551406866665	Marionette	TRACE	Received observer notification toplevel-window-ready
1551406868918	Marionette	TRACE	Received observer notification sessionstore-windows-restored
1551406868919	Marionette	TRACE	Waiting until startup recorder finished recording startup scripts...
1551406869003	Marionette	TRACE	All scripts recorded.
1551406869003	Marionette	DEBUG	Setting recommended pref apz.content_response_timeout to 60000
1551406869004	Marionette	DEBUG	Setting recommended pref browser.contentblocking.introCount to 99
1551406869004	Marionette	DEBUG	Setting recommended pref browser.download.panel.shown to true
1551406869004	Marionette	DEBUG	Setting recommended pref browser.newtabpage.enabled to false
1551406869004	Marionette	DEBUG	Setting recommended pref browser.pagethumbnails.capturing_disabled to true
1551406869005	Marionette	DEBUG	Setting recommended pref browser.search.update to false
1551406869005	Marionette	DEBUG	Setting recommended pref browser.tabs.disableBackgroundZombification to false
1551406869005	Marionette	DEBUG	Setting recommended pref browser.tabs.warnOnCloseOtherTabs to false
1551406869005	Marionette	DEBUG	Setting recommended pref browser.tabs.warnOnOpen to false
1551406869006	Marionette	DEBUG	Setting recommended pref browser.usedOnWindows10.introURL to 
1551406869006	Marionette	DEBUG	Setting recommended pref browser.urlbar.suggest.searches to false
1551406869006	Marionette	DEBUG	Setting recommended pref datareporting.policy.dataSubmissionPolicyAccepted to false
1551406869006	Marionette	DEBUG	Setting recommended pref dom.disable_beforeunload to true
1551406869007	Marionette	DEBUG	Setting recommended pref dom.disable_open_during_load to false
1551406869007	Marionette	DEBUG	Setting recommended pref dom.file.createInChild to true
1551406869007	Marionette	DEBUG	Setting recommended pref dom.max_chrome_script_run_time to 0
1551406869007	Marionette	DEBUG	Setting recommended pref dom.max_script_run_time to 0
1551406869007	Marionette	DEBUG	Setting recommended pref extensions.getAddons.cache.enabled to false
1551406869007	Marionette	DEBUG	Setting recommended pref extensions.webservice.discoverURL to http://%(server)s/dummy/discoveryURL
1551406869008	Marionette	DEBUG	Setting recommended pref network.http.prompt-temp-redirect to false
1551406869008	Marionette	DEBUG	Setting recommended pref network.http.speculative-parallel-limit to 0
1551406869008	Marionette	DEBUG	Setting recommended pref security.fileuri.strict_origin_policy to false
1551406869008	Marionette	DEBUG	Setting recommended pref security.notification_enable_delay to 0
1551406869009	Marionette	DEBUG	Setting recommended pref signon.autofillForms to false
1551406869009	Marionette	DEBUG	Setting recommended pref signon.rememberSignons to false
1551406869009	Marionette	DEBUG	Setting recommended pref toolkit.cosmeticAnimations.enabled to false
1551406869052	Marionette	INFO	Listening on port 6066
1551406869052	Marionette	DEBUG	Remote service is active
1551406869227	Marionette	DEBUG	Accepted connection 0 from 127.0.0.1:6081
1551406869232	Marionette	DEBUG	0 -> [0,1,"WebDriver:NewSession",{"acceptInsecureCerts":true,"browserName":"firefox"}]
1551406869232	Marionette	WARN	TLS certificate errors will be ignored for this session
1551406869280	Marionette	TRACE	[6442450945] Frame script loaded
1551406869282	Marionette	TRACE	[6442450945] Frame script registered
1551406869289	Marionette	DEBUG	0 <- [1,1,null,{"sessionId":"69adff9b-830a-4754-9651-54ccc3097d32","capabilities":{"browserName":"firefox","browserVersion":"65.0. ... ozprofile.TcTlj4tPM8Yv","moz:shutdownTimeout":60000,"moz:useNonSpecCompliantPointerOrigin":false,"moz:webdriverClick":true}}]
1551406869294	Marionette	DEBUG	0 -> [0,2,"WebDriver:Navigate",{"url":"https://bj.5i5j.com/ershoufang/n1/"}]
1551406869302	Marionette	TRACE	[6442450945] Received DOM event beforeunload for about:blank
1551406871461	Marionette	TRACE	[6442450945] Received DOM event pagehide for about:blank
1551406871469	Marionette	TRACE	[6442450945] Received DOM event beforeunload for https://bj.5i5j.com/ershoufang/n1/
1551406871471	Marionette	TRACE	[6442450945] Received DOM event pageshow for https://bj.5i5j.com/ershoufang/n1/
1551406871503	Marionette	TRACE	[6442450945] Received DOM event DOMContentLoaded for https://bj.5i5j.com/ershoufang/n1/
1551406871792	Marionette	TRACE	[6442450945] Received DOM event unload for https://bj.5i5j.com/ershoufang/n1/
JavaScript warning: https://res.5i5j.com/pc/common/jquery-1.10.2.min.js, line 1: Using //@ to indicate sourceMappingURL pragmas is deprecated. Use //# instead
1551406874540	Marionette	TRACE	[6442450945] Received DOM event DOMContentLoaded for https://bj.5i5j.com/ershoufang/n1/?wscckey=e41b8fd4671167e0_1551406871
1551406878136	Marionette	TRACE	[6442450945] Received DOM event pageshow for https://bj.5i5j.com/ershoufang/n1/?wscckey=e41b8fd4671167e0_1551406871
1551406878138	Marionette	DEBUG	0 <- [1,2,null,{"value":null}]
1551406878147	Marionette	DEBUG	0 -> [0,3,"WebDriver:GetPageSource",{}]
1551406878157	Marionette	DEBUG	0 <- [1,3,null,{"value":"<html lang=\"en-US\"><head>\n    <title>北京二手房网_北京二手房出售_北京个人二手房出售_北京我爱我家</title>\n    <meta name=\"Keyword ...  s = document.getElementsByTagName(\"script\")[0]; \n  s.parentNode.insertBefore(hm, s);\n})();\n</script>\n</body></html>"}]
1551406878226	Marionette	DEBUG	0 -> [0,4,"WebDriver:CloseWindow",{}]
1551406878237	Marionette	DEBUG	0 <- [1,4,null,[]]
1551406878242	Marionette	DEBUG	0 -> [0,5,"Marionette:Quit",{"flags":["eForceQuit"]}]
1551406878243	Marionette	INFO	Stopped listening on port 6066
1551406878319	Marionette	DEBUG	0 <- [1,5,null,{"cause":"shutdown"}]
1551406878484	Marionette	DEBUG	Closed connection 0
JavaScript error: jar:file:///C:/Program%20Files/Mozilla%20Firefox/omni.ja!/components/nsUrlClassifierListManager.js, line 597: TypeError: this.tablesData[table] is undefined
[Parent 4720, Gecko_IOThread] WARNING: pipe error: 109: file z:/build/build/src/ipc/chromium/src/chrome/common/ipc_channel_win.cc, line 332
[Child 15192, Chrome_ChildThread] WARNING: pipe error: 109: file z:/build/build/src/ipc/chromium/src/chrome/common/ipc_channel_win.cc, line 332
[Chi1551406879882	Marionette	TRACE	Received observer notification xpcom-will-shutdown
1551406879882	Marionette	DEBUG	Resetting recommended pref apz.content_response_timeout
1551406879883	Marionette	DEBUG	Resetting recommended pref browser.contentblocking.introCount
1551406879884	Marionette	DEBUG	Resetting recommended pref browser.download.panel.shown
1551406879884	Marionette	DEBUG	Resetting recommended pref browser.newtabpage.enabled
1551406879885	Marionette	DEBUG	Resetting recommended pref browser.pagethumbnails.capturing_disabled
1551406879886	Marionette	DEBUG	Resetting recommended pref browser.search.update
1551406879886	Marionette	DEBUG	Resetting recommended pref browser.tabs.disableBackgroundZombification
1551406879886	Marionette	DEBUG	Resetting recommended pref browser.tabs.warnOnCloseOtherTabs
1551406879886	Marionette	DEBUG	Resetting recommended pref browser.tabs.warnOnOpen
1551406879887	Marionette	DEBUG	Resetting recommended pref browser.usedOnWindows10.introURL
1551406879887	Marionette	DEBUG	Resetting recommended pref browser.urlbar.suggest.searches
1551406879888	Marionette	DEBUG	Resetting recommended pref datareporting.policy.dataSubmissionPolicyAccepted
1551406879888	Marionette	DEBUG	Resetting recommended pref dom.disable_beforeunload
1551406879888	Marionette	DEBUG	Resetting recommended pref dom.disable_open_during_load
1551406879888	Marionette	DEBUG	Resetting recommended pref dom.file.createInChild
1551406879888	Marionette	DEBUG	Resetting recommended pref dom.max_chrome_script_run_time
1551406879888	Marionette	DEBUG	Resetting recommended pref dom.max_script_run_time
1551406879889	Marionette	DEBUG	Resetting recommended pref extensions.getAddons.cache.enabled
1551406879889	Marionette	DEBUG	Resetting recommended pref extensions.webservice.discoverURL
1551406879889	Marionette	DEBUG	Resetting recommended pref network.http.prompt-temp-redirect
1551406879890	Marionette	DEBUG	Resetting recommended pref network.http.speculative-parallel-limit
1551406879890	Marionette	DEBUG	Resetting recommended pref security.fileuri.strict_origin_policy
1551406879890	Marionette	DEBUG	Resetting recommended pref security.notification_enable_delay
1551406879890	Marionette	DEBUG	Resetting recommended pref signon.autofillForms
1551406879892	Marionette	DEBUG	Resetting recommended pref signon.rememberSignons
1551406879893	Marionette	DEBUG	Resetting recommended pref toolkit.cosmeticAnimations.enabled
1551406879893	Marionette	DEBUG	Remote service is inactive
[GPU 14
###!!! [Child][RunMessage] Error: Channel closing: too late to send/recv, messages will be lost

820, Chrome_ChildThread] WARNING: 
###!!! [Child][MessageChannel::SendAndWait] Error: Channel error: cannot send/recv

